TN:
SF:app.js
FN:39,(anonymous_0)
FN:42,(anonymous_1)
FN:47,(anonymous_2)
FNF:3
FNH:0
FNDA:0,(anonymous_0)
FNDA:0,(anonymous_1)
FNDA:0,(anonymous_2)
DA:1,3
DA:2,3
DA:3,3
DA:4,3
DA:5,3
DA:8,3
DA:9,0
DA:10,0
DA:13,3
DA:15,3
DA:16,3
DA:17,3
DA:19,3
DA:23,3
DA:24,3
DA:25,3
DA:26,3
DA:27,3
DA:28,3
DA:29,3
DA:32,3
DA:35,3
DA:36,3
DA:39,3
DA:40,0
DA:42,3
DA:43,0
DA:47,3
DA:49,0
DA:56,3
LF:30
LH:25
BRDA:8,0,0,0
BRDA:8,0,1,3
BRDA:49,1,0,0
BRDA:49,1,1,0
BRDA:50,2,0,0
BRDA:50,2,1,0
BRDA:51,3,0,0
BRDA:51,3,1,0
BRF:8
BRH:1
end_of_record
TN:
SF:src/middlewares/authMiddleware.js
FN:12,(anonymous_0)
FN:80,(anonymous_1)
FN:81,(anonymous_2)
FN:116,(anonymous_3)
FN:133,(anonymous_4)
FN:145,(anonymous_5)
FNF:6
FNH:3
FNDA:36,(anonymous_0)
FNDA:3,(anonymous_1)
FNDA:0,(anonymous_2)
FNDA:16,(anonymous_3)
FNDA:0,(anonymous_4)
FNDA:0,(anonymous_5)
DA:1,3
DA:2,3
DA:5,3
DA:6,3
DA:12,3
DA:13,36
DA:15,36
DA:16,36
DA:18,36
DA:19,33
DA:27,3
DA:30,2
DA:31,2
DA:32,0
DA:40,2
DA:41,0
DA:49,2
DA:50,2
DA:52,1
DA:53,1
DA:58,0
DA:59,0
DA:65,0
DA:66,0
DA:80,3
DA:81,3
DA:82,0
DA:83,0
DA:90,0
DA:91,0
DA:93,0
DA:94,0
DA:101,0
DA:109,3
DA:116,3
DA:117,16
DA:123,16
DA:133,3
DA:134,0
DA:135,0
DA:137,0
DA:145,3
DA:146,0
DA:147,0
DA:148,0
DA:150,0
DA:151,0
DA:152,0
DA:153,0
DA:156,0
DA:157,0
DA:158,0
DA:162,0
DA:164,0
DA:168,3
LF:55
LH:27
BRDA:5,0,0,3
BRDA:5,0,1,3
BRDA:6,1,0,3
BRDA:6,1,1,3
BRDA:16,2,0,36
BRDA:16,2,1,3
BRDA:18,3,0,33
BRDA:18,3,1,3
BRDA:31,4,0,0
BRDA:31,4,1,2
BRDA:40,5,0,0
BRDA:40,5,1,2
BRDA:52,6,0,1
BRDA:52,6,1,0
BRDA:58,7,0,0
BRDA:58,7,1,0
BRDA:82,8,0,0
BRDA:82,8,1,0
BRDA:91,9,0,0
BRDA:91,9,1,0
BRDA:93,10,0,0
BRDA:93,10,1,0
BRDA:148,11,0,0
BRDA:148,11,1,0
BRDA:150,12,0,0
BRDA:150,12,1,0
BRDA:156,13,0,0
BRDA:156,13,1,0
BRDA:156,14,0,0
BRDA:156,14,1,0
BRF:30
BRH:11
end_of_record
TN:
SF:src/middlewares/responseMiddleware.js
FN:1,(anonymous_0)
FN:4,(anonymous_1)
FN:6,(anonymous_2)
FN:10,(anonymous_3)
FN:15,(anonymous_4)
FN:15,(anonymous_5)
FNF:6
FNH:4
FNDA:0,(anonymous_0)
FNDA:58,(anonymous_1)
FNDA:1,(anonymous_2)
FNDA:0,(anonymous_3)
FNDA:3,(anonymous_4)
FNDA:58,(anonymous_5)
DA:1,3
DA:2,0
DA:4,3
DA:6,58
DA:7,1
DA:10,58
DA:11,0
DA:13,58
DA:15,3
DA:16,58
DA:17,0
DA:19,58
DA:22,3
LF:13
LH:10
BRDA:6,0,0,0
BRDA:6,1,0,0
BRDA:10,2,0,0
BRDA:10,3,0,0
BRDA:10,4,0,0
BRDA:16,5,0,0
BRDA:16,5,1,58
BRF:7
BRH:1
end_of_record
TN:
SF:src/middlewares/uploadMiddleware.js
FN:13,(anonymous_0)
FN:16,(anonymous_1)
FN:26,(anonymous_2)
FN:50,(anonymous_3)
FNF:4
FNH:0
FNDA:0,(anonymous_0)
FNDA:0,(anonymous_1)
FNDA:0,(anonymous_2)
FNDA:0,(anonymous_3)
DA:1,3
DA:2,3
DA:3,3
DA:6,3
DA:7,3
DA:8,0
DA:12,3
DA:14,0
DA:18,0
DA:19,0
DA:20,0
DA:21,0
DA:26,3
DA:28,0
DA:29,0
DA:30,0
DA:32,0
DA:33,0
DA:35,0
DA:40,3
DA:50,3
DA:51,0
DA:52,0
DA:53,0
DA:59,0
DA:60,0
DA:66,0
DA:67,0
DA:75,0
DA:76,0
DA:83,0
DA:86,3
LF:32
LH:10
BRDA:7,0,0,0
BRDA:7,0,1,3
BRDA:32,1,0,0
BRDA:32,1,1,0
BRDA:32,2,0,0
BRDA:32,2,1,0
BRDA:51,3,0,0
BRDA:51,3,1,0
BRDA:52,4,0,0
BRDA:52,4,1,0
BRDA:59,5,0,0
BRDA:59,5,1,0
BRDA:66,6,0,0
BRDA:66,6,1,0
BRDA:75,7,0,0
BRDA:75,7,1,0
BRF:16
BRH:1
end_of_record
TN:
SF:src/models/clothingModel.js
FN:101,(anonymous_0)
FN:122,(anonymous_1)
FNF:2
FNH:1
FNDA:14,(anonymous_0)
FNDA:0,(anonymous_1)
DA:1,3
DA:16,3
DA:101,3
DA:103,14
DA:106,14
DA:109,14
DA:110,14
DA:111,14
DA:113,14
DA:122,3
DA:123,0
DA:124,0
DA:128,3
DA:131,3
LF:14
LH:12
BRF:0
BRH:0
end_of_record
TN:
SF:src/models/userModel.js
FN:71,(anonymous_0)
FN:83,(anonymous_1)
FN:104,(anonymous_2)
FN:112,(anonymous_3)
FN:119,(anonymous_4)
FN:128,(anonymous_5)
FNF:6
FNH:5
FNDA:0,(anonymous_0)
FNDA:16,(anonymous_1)
FNDA:3,(anonymous_2)
FNDA:6,(anonymous_3)
FNDA:2,(anonymous_4)
FNDA:18,(anonymous_5)
DA:1,3
DA:2,3
DA:18,3
DA:72,0
DA:73,0
DA:74,0
DA:83,3
DA:85,16
DA:86,2
DA:89,14
DA:91,14
DA:92,14
DA:93,14
DA:95,0
DA:104,3
DA:105,3
DA:112,3
DA:113,6
DA:119,3
DA:120,2
DA:121,2
DA:128,3
DA:129,18
DA:140,3
LF:24
LH:20
BRDA:85,0,0,2
BRDA:85,0,1,14
BRF:2
BRH:2
end_of_record
TN:
SF:src/routes/authRoutes.js
FN:10,(anonymous_0)
FN:52,(anonymous_1)
FN:85,(anonymous_2)
FN:107,(anonymous_3)
FN:137,(anonymous_4)
FN:179,(anonymous_5)
FN:224,(anonymous_6)
FN:248,(anonymous_7)
FN:282,(anonymous_8)
FN:316,(anonymous_9)
FNF:10
FNH:4
FNDA:16,(anonymous_0)
FNDA:4,(anonymous_1)
FNDA:1,(anonymous_2)
FNDA:0,(anonymous_3)
FNDA:0,(anonymous_4)
FNDA:2,(anonymous_5)
FNDA:0,(anonymous_6)
FNDA:0,(anonymous_7)
FNDA:0,(anonymous_8)
FNDA:0,(anonymous_9)
DA:1,3
DA:2,3
DA:3,3
DA:4,3
DA:10,3
DA:11,16
DA:12,16
DA:15,16
DA:16,0
DA:23,16
DA:24,1
DA:31,15
DA:33,14
DA:39,1
DA:40,1
DA:52,3
DA:53,4
DA:54,4
DA:56,4
DA:57,0
DA:64,4
DA:66,2
DA:72,2
DA:73,2
DA:85,3
DA:86,1
DA:87,1
DA:88,1
DA:94,0
DA:95,0
DA:107,3
DA:108,0
DA:109,0
DA:110,0
DA:113,0
DA:114,0
DA:116,0
DA:118,0
DA:124,0
DA:125,0
DA:137,3
DA:138,0
DA:139,0
DA:140,0
DA:142,0
DA:143,0
DA:150,0
DA:151,0
DA:158,0
DA:160,0
DA:166,0
DA:167,0
DA:179,3
DA:180,2
DA:181,2
DA:182,2
DA:184,2
DA:185,0
DA:192,2
DA:193,2
DA:195,1
DA:196,1
DA:197,1
DA:198,0
DA:205,1
DA:211,1
DA:212,1
DA:224,3
DA:225,0
DA:226,0
DA:227,0
DA:229,0
DA:235,0
DA:236,0
DA:248,3
DA:249,0
DA:250,0
DA:251,0
DA:253,0
DA:254,0
DA:261,0
DA:263,0
DA:269,0
DA:270,0
DA:282,3
DA:283,0
DA:284,0
DA:285,0
DA:287,0
DA:288,0
DA:295,0
DA:297,0
DA:303,0
DA:304,0
DA:316,3
DA:317,0
DA:318,0
DA:321,0
DA:322,0
DA:329,0
DA:331,0
DA:337,0
DA:338,0
DA:346,3
LF:104
LH:46
BRDA:15,0,0,0
BRDA:15,0,1,16
BRDA:15,1,0,16
BRDA:15,1,1,16
BRDA:15,1,2,16
BRDA:23,2,0,1
BRDA:23,2,1,15
BRDA:42,3,0,1
BRDA:42,3,1,0
BRDA:56,4,0,0
BRDA:56,4,1,4
BRDA:56,5,0,4
BRDA:56,5,1,4
BRDA:75,6,0,2
BRDA:75,6,1,0
BRDA:127,7,0,0
BRDA:127,7,1,0
BRDA:142,8,0,0
BRDA:142,8,1,0
BRDA:142,9,0,0
BRDA:142,9,1,0
BRDA:150,10,0,0
BRDA:150,10,1,0
BRDA:169,11,0,0
BRDA:169,11,1,0
BRDA:182,12,0,2
BRDA:182,12,1,2
BRDA:184,13,0,0
BRDA:184,13,1,2
BRDA:193,14,0,2
BRDA:193,14,1,0
BRDA:197,15,0,0
BRDA:197,15,1,1
BRDA:197,16,0,1
BRDA:197,16,1,1
BRDA:214,17,0,1
BRDA:214,17,1,0
BRDA:226,18,0,0
BRDA:226,19,0,0
BRDA:253,20,0,0
BRDA:253,20,1,0
BRDA:253,21,0,0
BRDA:253,21,1,0
BRDA:272,22,0,0
BRDA:272,22,1,0
BRDA:287,23,0,0
BRDA:287,23,1,0
BRDA:299,24,0,0
BRDA:299,24,1,0
BRDA:306,25,0,0
BRDA:306,25,1,0
BRDA:321,26,0,0
BRDA:321,26,1,0
BRDA:340,27,0,0
BRDA:340,27,1,0
BRF:55
BRH:19
end_of_record
TN:
SF:src/routes/clothingRoutes.js
FN:11,(anonymous_0)
FN:26,(anonymous_1)
FN:38,(anonymous_2)
FN:58,(anonymous_3)
FN:78,(anonymous_4)
FN:98,(anonymous_5)
FN:117,(anonymous_6)
FNF:7
FNH:1
FNDA:0,(anonymous_0)
FNDA:0,(anonymous_1)
FNDA:0,(anonymous_2)
FNDA:0,(anonymous_3)
FNDA:0,(anonymous_4)
FNDA:0,(anonymous_5)
FNDA:1,(anonymous_6)
DA:1,3
DA:2,3
DA:4,3
DA:5,3
DA:8,3
DA:11,3
DA:12,0
DA:13,0
DA:14,0
DA:16,0
DA:17,0
DA:18,0
DA:20,0
DA:26,3
DA:27,0
DA:28,0
DA:29,0
DA:30,0
DA:32,0
DA:33,0
DA:38,3
DA:39,0
DA:40,0
DA:41,0
DA:42,0
DA:45,0
DA:46,0
DA:47,0
DA:50,0
DA:52,0
DA:53,0
DA:58,3
DA:59,0
DA:60,0
DA:61,0
DA:62,0
DA:65,0
DA:66,0
DA:67,0
DA:70,0
DA:72,0
DA:73,0
DA:78,3
DA:79,0
DA:80,0
DA:81,0
DA:82,0
DA:85,0
DA:86,0
DA:87,0
DA:90,0
DA:92,0
DA:93,0
DA:98,3
DA:99,0
DA:100,0
DA:101,0
DA:102,0
DA:104,0
DA:105,0
DA:108,0
DA:109,0
DA:111,0
DA:112,0
DA:117,3
DA:118,1
DA:119,1
DA:120,1
DA:122,0
DA:123,0
DA:127,3
LF:71
LH:16
BRDA:17,0,0,0
BRDA:17,0,1,0
BRDA:27,1,0,0
BRDA:27,2,0,0
BRDA:41,3,0,0
BRDA:41,3,1,0
BRDA:46,4,0,0
BRDA:46,4,1,0
BRDA:61,5,0,0
BRDA:61,5,1,0
BRDA:66,6,0,0
BRDA:66,6,1,0
BRDA:81,7,0,0
BRDA:81,7,1,0
BRDA:86,8,0,0
BRDA:86,8,1,0
BRDA:101,9,0,0
BRDA:101,9,1,0
BRDA:104,10,0,0
BRDA:104,10,1,0
BRDA:104,11,0,0
BRDA:104,11,1,0
BRF:22
BRH:0
end_of_record
TN:
SF:src/routes/uploadRoutes.js
FN:16,(anonymous_0)
FN:27,(anonymous_1)
FN:44,(anonymous_2)
FN:63,(anonymous_3)
FN:103,(anonymous_4)
FN:162,(anonymous_5)
FN:178,(anonymous_6)
FN:183,(anonymous_7)
FN:202,(anonymous_8)
FNF:9
FNH:0
FNDA:0,(anonymous_0)
FNDA:0,(anonymous_1)
FNDA:0,(anonymous_2)
FNDA:0,(anonymous_3)
FNDA:0,(anonymous_4)
FNDA:0,(anonymous_5)
FNDA:0,(anonymous_6)
FNDA:0,(anonymous_7)
FNDA:0,(anonymous_8)
DA:1,3
DA:2,3
DA:3,3
DA:4,3
DA:5,3
DA:6,3
DA:9,3
DA:16,3
DA:17,0
DA:18,0
DA:19,0
DA:27,0
DA:28,0
DA:38,0
DA:44,0
DA:49,0
DA:50,0
DA:63,3
DA:64,0
DA:65,0
DA:66,0
DA:73,0
DA:82,0
DA:89,0
DA:90,0
DA:103,3
DA:104,0
DA:105,0
DA:107,0
DA:108,0
DA:116,0
DA:117,0
DA:124,0
DA:127,0
DA:128,0
DA:136,0
DA:138,0
DA:148,0
DA:149,0
DA:162,3
DA:163,0
DA:164,0
DA:166,0
DA:167,0
DA:177,0
DA:178,0
DA:179,0
DA:180,0
DA:183,0
DA:184,0
DA:185,0
DA:187,0
DA:196,0
DA:202,0
DA:207,0
DA:208,0
DA:216,3
LF:57
LH:12
BRDA:18,0,0,0
BRDA:18,0,1,0
BRDA:18,1,0,0
BRDA:18,1,1,0
BRDA:65,2,0,0
BRDA:65,2,1,0
BRDA:107,3,0,0
BRDA:107,3,1,0
BRDA:116,4,0,0
BRDA:116,4,1,0
BRDA:127,5,0,0
BRDA:127,5,1,0
BRDA:166,6,0,0
BRDA:166,6,1,0
BRF:14
BRH:0
end_of_record
TN:
SF:src/services/clothingService.js
FN:4,(anonymous_0)
FN:15,(anonymous_1)
FN:30,(anonymous_2)
FN:41,(anonymous_3)
FN:55,(anonymous_4)
FN:66,(anonymous_5)
FN:93,(anonymous_6)
FNF:7
FNH:1
FNDA:0,(anonymous_0)
FNDA:0,(anonymous_1)
FNDA:0,(anonymous_2)
FNDA:0,(anonymous_3)
FNDA:0,(anonymous_4)
FNDA:0,(anonymous_5)
FNDA:1,(anonymous_6)
DA:1,3
DA:4,3
DA:5,0
DA:6,0
DA:7,0
DA:9,0
DA:10,0
DA:15,3
DA:16,0
DA:17,0
DA:18,0
DA:22,0
DA:24,0
DA:25,0
DA:30,3
DA:31,0
DA:32,0
DA:33,0
DA:35,0
DA:36,0
DA:41,3
DA:42,0
DA:43,0
DA:48,0
DA:50,0
DA:55,3
DA:56,0
DA:57,0
DA:58,0
DA:60,0
DA:61,0
DA:66,3
DA:67,0
DA:68,0
DA:69,0
DA:70,0
DA:74,0
DA:85,0
DA:87,0
DA:88,0
DA:93,3
DA:94,1
DA:95,1
DA:110,1
DA:120,0
DA:121,0
DA:125,3
LF:47
LH:12
BRDA:15,0,0,0
BRDA:15,1,0,0
BRDA:69,2,0,0
BRDA:69,2,1,0
BRDA:110,3,0,1
BRDA:110,3,1,1
BRF:6
BRH:2
end_of_record
TN:
SF:src/services/userService.js
FN:14,(anonymous_0)
FN:60,(anonymous_1)
FN:108,(anonymous_2)
FN:127,(anonymous_3)
FN:162,(anonymous_4)
FN:193,(anonymous_5)
FN:225,(anonymous_6)
FN:243,(anonymous_7)
FNF:8
FNH:2
FNDA:15,(anonymous_0)
FNDA:4,(anonymous_1)
FNDA:0,(anonymous_2)
FNDA:0,(anonymous_3)
FNDA:0,(anonymous_4)
FNDA:0,(anonymous_5)
FNDA:0,(anonymous_6)
FNDA:0,(anonymous_7)
DA:1,3
DA:2,3
DA:15,15
DA:16,15
DA:19,15
DA:23,15
DA:24,1
DA:25,1
DA:27,0
DA:28,0
DA:33,14
DA:40,14
DA:43,14
DA:45,14
DA:50,1
DA:51,1
DA:61,4
DA:62,4
DA:65,4
DA:72,4
DA:73,1
DA:77,3
DA:78,0
DA:82,3
DA:83,3
DA:84,1
DA:88,2
DA:91,2
DA:93,2
DA:98,2
DA:99,2
DA:109,0
DA:110,0
DA:111,0
DA:112,0
DA:114,0
DA:116,0
DA:117,0
DA:128,0
DA:129,0
DA:132,0
DA:133,0
DA:134,0
DA:135,0
DA:136,0
DA:138,0
DA:144,0
DA:145,0
DA:148,0
DA:150,0
DA:151,0
DA:163,0
DA:164,0
DA:165,0
DA:166,0
DA:170,0
DA:171,0
DA:172,0
DA:176,0
DA:177,0
DA:179,0
DA:181,0
DA:182,0
DA:194,0
DA:195,0
DA:197,0
DA:203,0
DA:205,0
DA:215,0
DA:216,0
DA:226,0
DA:227,0
DA:228,0
DA:229,0
DA:231,0
DA:233,0
DA:234,0
DA:244,0
DA:245,0
DA:246,0
DA:248,0
DA:249,0
DA:250,0
DA:253,0
DA:255,0
DA:256,0
DA:261,3
LF:87
LH:29
BRDA:16,0,0,15
BRDA:23,1,0,1
BRDA:23,1,1,14
BRDA:24,2,0,1
BRDA:24,2,1,0
BRDA:27,3,0,0
BRDA:27,3,1,0
BRDA:72,4,0,1
BRDA:72,4,1,3
BRDA:77,5,0,0
BRDA:77,5,1,3
BRDA:83,6,0,1
BRDA:83,6,1,2
BRDA:111,7,0,0
BRDA:111,7,1,0
BRDA:133,8,0,0
BRDA:133,8,1,0
BRDA:134,9,0,0
BRDA:134,9,1,0
BRDA:135,10,0,0
BRDA:135,10,1,0
BRDA:136,11,0,0
BRDA:136,11,1,0
BRDA:144,12,0,0
BRDA:144,12,1,0
BRDA:165,13,0,0
BRDA:165,13,1,0
BRDA:171,14,0,0
BRDA:171,14,1,0
BRDA:193,15,0,0
BRDA:193,16,0,0
BRDA:193,17,0,0
BRDA:228,18,0,0
BRDA:228,18,1,0
BRDA:246,19,0,0
BRDA:246,19,1,0
BRDA:249,20,0,0
BRDA:249,20,1,0
BRDA:249,21,0,0
BRDA:249,21,1,0
BRF:40
BRH:9
end_of_record
TN:
SF:tests/factory.js
FN:6,(anonymous_0)
FN:26,(anonymous_1)
FN:27,(anonymous_2)
FNF:3
FNH:3
FNDA:34,(anonymous_0)
FNDA:4,(anonymous_1)
FNDA:18,(anonymous_2)
DA:6,1
DA:7,34
DA:23,34
DA:26,1
DA:27,4
DA:28,18
DA:37,1
LF:7
LH:7
BRDA:6,0,0,11
BRDA:26,1,0,0
BRF:2
BRH:1
end_of_record
